<?xml version="1.0" encoding="UTF-8" ?>
<testsuite errors="0" failures="0" hostname="DESKTOP-UDE9G54" name="simpledb.HeapPageReadTest" skipped="0" tests="4" time="0.115" timestamp="2023-05-11T11:40:44">
  <properties>
[...]
</properties>
  <testcase classname="simpledb.HeapPageReadTest" name="getId" time="0.02" />
  <testcase classname="simpledb.HeapPageReadTest" name="getSlot" time="0.001" />
  <testcase classname="simpledb.HeapPageReadTest" name="testIterator" time="0.001" />
  <testcase classname="simpledb.HeapPageReadTest" name="getNumEmptySlots" time="0.001" />
  <system-out><![CDATA[]]></system-out>
  <system-err><![CDATA[]]></system-err>
</testsuite>
